[2024-10-05T22:45:30.202024+00:00] app_logger.INFO: Iniciando a ação no SomeController [] []
[2024-10-05T22:45:30.266475+00:00] app_logger.INFO: 0 diarias geradas  [] []
[2024-10-05T22:45:30.267060+00:00] app_logger.INFO: Iniciando a ação no SomeController [] []
[2024-10-05T22:45:30.286367+00:00] app_logger.INFO: 0 diarias geradas  [] []
[2024-10-05T22:45:30.286826+00:00] app_logger.INFO: Iniciando a ação no SomeController [] []
[2024-10-05T22:45:30.306532+00:00] app_logger.INFO: 0 diarias geradas  [] []
[2024-10-05T22:45:30.307047+00:00] app_logger.INFO: Iniciando a ação no SomeController [] []
[2024-10-05T22:45:30.325653+00:00] app_logger.INFO: 0 diarias geradas  [] []
[2024-10-05T22:45:30.326258+00:00] app_logger.INFO: Iniciando a ação no SomeController [] []
[2024-10-05T22:45:30.345473+00:00] app_logger.INFO: 0 diarias geradas  [] []
[2024-10-06T15:21:08.835085+00:00] app_logger.INFO: checgou [] []
[2024-10-06T15:22:42.138632+00:00] app_logger.INFO: fhdfgdfgdfgsdfsd [] []
[2024-10-06T15:28:37.409331+00:00] app_logger.INFO: {"id":"10","uuid":"5ab8b367-f942-4034-820a-3c9ed0cac099","id_apartamento":"8","apartament":null,"id_usuario":"1","dt_checkin":"2024-09-07","dt_checkout":"2024-09-30","amount":"150.00","status":"Hospedada","customers":null,"created_at":"2024-09-01 19:48:28","updated_at":"2024-09-08 15:06:43"} [] []
[2024-10-06T15:29:46.946853+00:00] app_logger.INFO: [] [] []
[2024-10-06T15:30:35.610333+00:00] app_logger.INFO: [] [] []
[2024-10-06T15:32:12.606434+00:00] app_logger.INFO: [] [] []
[2024-10-06T15:37:39.663977+00:00] app_logger.INFO: [] [] []
[2024-10-06T15:39:27.497133+00:00] app_logger.INFO: {} [] []
[2024-10-06T15:40:17.255947+00:00] app_logger.INFO: null [] []
[2024-10-06T15:41:31.405464+00:00] app_logger.INFO: {} [] []
[2024-10-06T15:42:09.398574+00:00] app_logger.INFO: {} [] []
[2024-10-06T15:43:50.897988+00:00] app_logger.INFO: {} [] []
[2024-10-06T15:44:19.412782+00:00] app_logger.INFO: {} [] []
[2024-10-06T15:45:05.618700+00:00] app_logger.INFO: {} [] []
[2024-10-06T15:47:02.780997+00:00] app_logger.INFO: {} [] []
[2024-10-06T15:54:11.182521+00:00] app_logger.INFO:  [] []
[2024-10-06T15:54:55.239569+00:00] app_logger.INFO:  [] []
[2024-10-06T15:56:29.169589+00:00] app_logger.INFO: Array [] []
[2024-10-06T16:02:24.335457+00:00] app_logger.INFO: Array [] []
[2024-10-06T16:03:15.249928+00:00] app_logger.INFO: Array [] []
[2024-10-06T16:05:10.571812+00:00] app_logger.INFO: f6f71d5d-af7c-4d61-a948-7a94c81d81f9,79daabe2-4dc1-4203-90b5-4ac33cfe7f62,1c443b5a-dab5-4e6d-96c4-6679588841f1,89ed5293-9b5e-4011-b110-09098805f929,da892acf-93d4-44f6-9604-2fac8018be56,187a28db-55a4-4feb-a607-0096cabab7ec,1ca0718f-bb3a-41d4-bf9b-37f0e178cf7b,a2cbc356-c7b4-49c0-958e-547f4ae1fd37,a1afba87-ec0a-4a3a-bd11-71d194a2063c,4518c9c7-e858-4305-8609-3af752548e10,2032eaef-3ca5-4e39-a7be-fd79abdade0e,4e54a3f9-4b06-4f76-a28e-be42c6f54d7a,49024afd-467b-49b7-8940-3d3e8d3a0a35,df83bf80-4297-4b92-bcd7-906441cbaaf3,5da5ff6d-eb12-40e9-9e78-1dbffe92e369,7946e557-a02e-4b2b-847f-e2a301eecd50,f6379da0-544e-45d2-b616-50ca12ce0b2c,d7ba8445-f56e-4543-9c51-b48df9d11569,a43ed42c-d035-4ad3-a933-36cd51723441,515f94c4-d64b-468b-917f-183a00f2af59,fc9acb94-234d-47a3-9616-401e5dff5a58,a0c206fc-e657-4862-97eb-3353f5537060,91b07449-1bad-4057-bd66-b9f00c92f466,98c72a39-dc9a-4e61-a892-091d7c116cdf,f3de2826-1454-4432-97f1-1b584e975806,bf15db89-989b-463e-b2dc-cecb2eacdf3b,6f5916a6-0b57-4da3-9150-19065d4253b9,cb5fe165-4a4a-481a-a443-af02a4d61f15,43deac47-7efe-4802-97a6-0503d69aeeca [] []
[2024-10-06T16:23:14.827296+00:00] app_logger.INFO: ?,?,?,?,?,?,?,?,?,?,?,?,?,?,?,?,?,?,?,?,?,?,?,?,?,?,?,?,?,?,? [] []
[2024-10-06T16:27:21.313904+00:00] app_logger.INFO: ? [] []
[2024-10-06T16:28:23.625842+00:00] app_logger.INFO: Array [] []
[2024-10-06T16:29:13.507099+00:00] app_logger.INFO: ?,?,?,?,?,?,?,?,?,?,?,?,?,?,?,?,?,?,?,?,?,?,?,?,?,?,?,?,? [] []
[2024-10-06T16:31:10.585670+00:00] app_logger.INFO: f6f71d5d-af7c-4d61-a948-7a94c81d81f9,79daabe2-4dc1-4203-90b5-4ac33cfe7f62,1c443b5a-dab5-4e6d-96c4-6679588841f1,89ed5293-9b5e-4011-b110-09098805f929,da892acf-93d4-44f6-9604-2fac8018be56,187a28db-55a4-4feb-a607-0096cabab7ec,1ca0718f-bb3a-41d4-bf9b-37f0e178cf7b,a2cbc356-c7b4-49c0-958e-547f4ae1fd37,a1afba87-ec0a-4a3a-bd11-71d194a2063c,4518c9c7-e858-4305-8609-3af752548e10,2032eaef-3ca5-4e39-a7be-fd79abdade0e,4e54a3f9-4b06-4f76-a28e-be42c6f54d7a,49024afd-467b-49b7-8940-3d3e8d3a0a35,df83bf80-4297-4b92-bcd7-906441cbaaf3,5da5ff6d-eb12-40e9-9e78-1dbffe92e369,7946e557-a02e-4b2b-847f-e2a301eecd50,f6379da0-544e-45d2-b616-50ca12ce0b2c,d7ba8445-f56e-4543-9c51-b48df9d11569,a43ed42c-d035-4ad3-a933-36cd51723441,515f94c4-d64b-468b-917f-183a00f2af59,fc9acb94-234d-47a3-9616-401e5dff5a58,a0c206fc-e657-4862-97eb-3353f5537060,91b07449-1bad-4057-bd66-b9f00c92f466,98c72a39-dc9a-4e61-a892-091d7c116cdf,f3de2826-1454-4432-97f1-1b584e975806,bf15db89-989b-463e-b2dc-cecb2eacdf3b,6f5916a6-0b57-4da3-9150-19065d4253b9,cb5fe165-4a4a-481a-a443-af02a4d61f15,43deac47-7efe-4802-97a6-0503d69aeeca [] []
[2024-10-06T19:36:57.883415+00:00] app_logger.INFO: 5ab8b367-f942-4034-820a-3c9ed0cac099 [] []
[2024-10-06T19:36:57.928770+00:00] app_logger.INFO: 5ab8b367-f942-4034-820a-3c9ed0cac099 [] []
[2024-10-06T19:36:57.929302+00:00] app_logger.INFO: 5ab8b367-f942-4034-820a-3c9ed0cac099 [] []
[2024-10-06T19:36:57.929703+00:00] app_logger.INFO: 5ab8b367-f942-4034-820a-3c9ed0cac099 [] []
[2024-10-06T19:36:57.930081+00:00] app_logger.INFO: 5ab8b367-f942-4034-820a-3c9ed0cac099 [] []
[2024-10-06T19:36:57.930449+00:00] app_logger.INFO: 5ab8b367-f942-4034-820a-3c9ed0cac099 [] []
[2024-10-06T19:37:13.448021+00:00] app_logger.INFO: 5ab8b367-f942-4034-820a-3c9ed0cac099 [] []
[2024-10-06T19:37:13.478848+00:00] app_logger.INFO: 5ab8b367-f942-4034-820a-3c9ed0cac099 [] []
[2024-10-06T19:37:13.479267+00:00] app_logger.INFO: 5ab8b367-f942-4034-820a-3c9ed0cac099 [] []
[2024-10-06T19:37:13.479745+00:00] app_logger.INFO: 5ab8b367-f942-4034-820a-3c9ed0cac099 [] []
[2024-10-06T19:37:13.480108+00:00] app_logger.INFO: 5ab8b367-f942-4034-820a-3c9ed0cac099 [] []
[2024-10-06T19:37:13.480508+00:00] app_logger.INFO: 5ab8b367-f942-4034-820a-3c9ed0cac099 [] []
[2024-10-06T19:37:15.860155+00:00] app_logger.INFO: 5ab8b367-f942-4034-820a-3c9ed0cac099 [] []
[2024-10-06T19:37:15.872386+00:00] app_logger.INFO: 5ab8b367-f942-4034-820a-3c9ed0cac099 [] []
[2024-10-06T19:37:15.872818+00:00] app_logger.INFO: 5ab8b367-f942-4034-820a-3c9ed0cac099 [] []
[2024-10-06T19:37:15.873256+00:00] app_logger.INFO: 5ab8b367-f942-4034-820a-3c9ed0cac099 [] []
[2024-10-06T19:37:15.873629+00:00] app_logger.INFO: 5ab8b367-f942-4034-820a-3c9ed0cac099 [] []
[2024-10-06T19:37:15.874053+00:00] app_logger.INFO: 5ab8b367-f942-4034-820a-3c9ed0cac099 [] []
[2024-10-06T19:54:41.425272+00:00] app_logger.INFO: Update by Json [] []
[2024-10-06T19:54:41.462598+00:00] app_logger.INFO: Update by Json [] []
[2024-10-06T19:54:41.462769+00:00] app_logger.INFO: Update by Json [] []
[2024-10-06T19:54:41.462928+00:00] app_logger.INFO: Update by Json [] []
[2024-10-06T19:54:41.463085+00:00] app_logger.INFO: Update by Json [] []
[2024-10-06T19:54:43.386235+00:00] app_logger.INFO: Update by Json [] []
[2024-10-06T19:54:43.398585+00:00] app_logger.INFO: Update by Json [] []
[2024-10-06T19:54:43.398759+00:00] app_logger.INFO: Update by Json [] []
[2024-10-06T19:54:43.398921+00:00] app_logger.INFO: Update by Json [] []
[2024-10-06T19:54:43.399080+00:00] app_logger.INFO: Update by Json [] []
[2024-10-06T19:55:38.573423+00:00] app_logger.INFO:  [] []
[2024-10-06T19:55:38.603768+00:00] app_logger.INFO:  [] []
[2024-10-06T19:55:38.603941+00:00] app_logger.INFO:  [] []
[2024-10-06T19:55:38.604148+00:00] app_logger.INFO:  [] []
[2024-10-06T19:55:38.604310+00:00] app_logger.INFO:  [] []
[2024-10-06T19:56:04.315779+00:00] app_logger.INFO:  [] []
[2024-10-06T19:56:04.358983+00:00] app_logger.INFO:  [] []
[2024-10-06T19:56:04.359596+00:00] app_logger.INFO:  [] []
[2024-10-06T19:56:04.360162+00:00] app_logger.INFO:  [] []
[2024-10-06T19:56:04.360994+00:00] app_logger.INFO:  [] []
[2024-10-06T19:57:55.510613+00:00] app_logger.INFO:  [] []
[2024-10-06T19:57:55.542891+00:00] app_logger.INFO:  [] []
[2024-10-06T19:57:55.543068+00:00] app_logger.INFO:  [] []
[2024-10-06T19:57:55.543254+00:00] app_logger.INFO:  [] []
[2024-10-06T19:57:55.543419+00:00] app_logger.INFO:  [] []
[2024-10-06T20:06:49.798605+00:00] app_logger.INFO: {"id_usuario":null} [] []
[2024-10-06T20:07:00.957006+00:00] app_logger.INFO: {"id_usuario":null} [] []
[2024-10-06T20:07:09.774201+00:00] app_logger.INFO: {"id_usuario":null} [] []
[2024-10-06T20:07:45.476409+00:00] app_logger.INFO: {"id_usuario":null} [] []
[2024-10-06T20:24:27.131909+00:00] app_logger.INFO: Iniciando a ação no SomeController [] []
[2024-10-06T20:24:27.374305+00:00] app_logger.INFO: 62 diarias geradas  [] []
[2024-10-06T20:31:20.118756+00:00] app_logger.INFO: Iniciando a ação no SomeController [] []
[2024-10-06T20:31:20.164124+00:00] app_logger.INFO: 0 diarias geradas  [] []
[2024-10-06T20:31:27.582013+00:00] app_logger.INFO: Iniciando a ação no SomeController [] []
[2024-10-06T20:31:27.615227+00:00] app_logger.INFO: 0 diarias geradas  [] []
[2024-10-06T20:31:30.388615+00:00] app_logger.INFO: Iniciando a ação no SomeController [] []
[2024-10-06T20:31:30.422393+00:00] app_logger.INFO: 0 diarias geradas  [] []
[2024-10-06T20:31:33.308053+00:00] app_logger.INFO: Iniciando a ação no SomeController [] []
[2024-10-06T20:31:33.338553+00:00] app_logger.INFO: 0 diarias geradas  [] []
[2024-10-06T20:32:04.009601+00:00] app_logger.INFO: Iniciando a ação no SomeController [] []
[2024-10-06T20:32:04.262581+00:00] app_logger.INFO: 62 diarias geradas  [] []
[2024-10-20T15:29:17.221297+00:00] app_logger.INFO: Iniciando a ação no SomeController [] []
[2024-10-20T15:29:17.370973+00:00] app_logger.INFO: 27 diarias geradas  [] []
